20:13:34: Creating resource group General
20:13:34: Creating resource group Internal
20:13:34: Creating resource group Autodetect
20:13:34: SceneManagerFactory for type 'DefaultSceneManager' registered.
20:13:34: Registering ResourceManager for type Material
20:13:34: Registering ResourceManager for type Mesh
20:13:34: Registering ResourceManager for type Skeleton
20:13:34: MovableObjectFactory for type 'ParticleSystem' registered.
20:13:34: ArchiveFactory for archive type FileSystem registered.
20:13:34: ArchiveFactory for archive type Zip registered.
20:13:34: ArchiveFactory for archive type EmbeddedZip registered.
20:13:34: DDS codec registering
20:13:34: FreeImage version: 3.15.3
20:13:34: This program uses FreeImage, a free, open source image library supporting all common bitmap formats. See http://freeimage.sourceforge.net for details
20:13:34: Supported formats: bmp,ico,jpg,jif,jpeg,jpe,jng,koa,iff,lbm,mng,pbm,pbm,pcd,pcx,pgm,pgm,png,ppm,ppm,ras,tga,targa,tif,tiff,wap,wbmp,wbm,psd,cut,xbm,xpm,gif,hdr,g3,sgi,exr,j2k,j2c,jp2,pfm,pct,pict,pic,3fr,arw,bay,bmq,cap,cine,cr2,crw,cs1,dc2,dcr,drf,dsc,dng,erf,fff,ia,iiq,k25,kc2,kdc,mdc,mef,mos,mrw,nef,nrw,orf,pef,ptx,pxn,qtk,raf,raw,rdc,rw2,rwl,rwz,sr2,srf,srw,sti
20:13:34: Registering ResourceManager for type HighLevelGpuProgram
20:13:34: Registering ResourceManager for type Compositor
20:13:34: MovableObjectFactory for type 'Entity' registered.
20:13:34: MovableObjectFactory for type 'Light' registered.
20:13:34: MovableObjectFactory for type 'BillboardSet' registered.
20:13:34: MovableObjectFactory for type 'ManualObject' registered.
20:13:34: MovableObjectFactory for type 'BillboardChain' registered.
20:13:34: MovableObjectFactory for type 'RibbonTrail' registered.
20:13:34: OGRE EXCEPTION(6:FileNotFoundException): 'resources.cfg' file not found! in ConfigFile::load at ..\..\..\..\OgreMain\src\OgreConfigFile.cpp (line 82)
20:13:34: resources.cfg not found, automatic plugin loading disabled.
20:13:34: *-*-* OGRE Initialising
20:13:34: *-*-* Version 1.9.0 (Ghadamon)
20:13:34: Loading library RenderSystem_GL_d
20:13:34: Installing plugin: GL RenderSystem
20:13:34: OpenGL Rendering Subsystem created.
20:13:35: Plugin successfully installed
20:13:35: Loading library RenderSystem_Direct3D9_d
20:13:35: Installing plugin: D3D9 RenderSystem
20:13:35: D3D9 : Direct3D9 Rendering Subsystem created.
20:13:35: D3D9: Driver Detection Starts
20:13:35: D3D9: Driver Detection Ends
20:13:35: Plugin successfully installed
20:13:35: Loading library Plugin_ParticleFX_d
20:13:35: Installing plugin: ParticleFX
20:13:35: Particle Emitter Type 'Point' registered
20:13:35: Particle Emitter Type 'Box' registered
20:13:35: Particle Emitter Type 'Ellipsoid' registered
20:13:35: Particle Emitter Type 'Cylinder' registered
20:13:35: Particle Emitter Type 'Ring' registered
20:13:35: Particle Emitter Type 'HollowEllipsoid' registered
20:13:35: Particle Affector Type 'LinearForce' registered
20:13:35: Particle Affector Type 'ColourFader' registered
20:13:35: Particle Affector Type 'ColourFader2' registered
20:13:35: Particle Affector Type 'ColourImage' registered
20:13:35: Particle Affector Type 'ColourInterpolator' registered
20:13:35: Particle Affector Type 'Scaler' registered
20:13:35: Particle Affector Type 'Rotator' registered
20:13:35: Particle Affector Type 'DirectionRandomiser' registered
20:13:35: Particle Affector Type 'DeflectorPlane' registered
20:13:35: Plugin successfully installed
20:13:35: Creating resource group Essential
20:13:35: Added resource location '../../Media/thumbnails' of type 'FileSystem' to resource group 'Essential'
20:13:35: Added resource location '../../Media/packs/SdkTrays.zip' of type 'Zip' to resource group 'Essential'
20:13:35: Added resource location '../../Media/packs/profiler.zip' of type 'Zip' to resource group 'Essential'
20:13:35: Added resource location '../../Media' of type 'FileSystem' to resource group 'General'
20:13:35: Creating resource group Popular
20:13:35: Added resource location '../../Media/fonts' of type 'FileSystem' to resource group 'Popular'
20:13:35: Added resource location '../../Media/materials/programs' of type 'FileSystem' to resource group 'Popular'
20:13:35: Added resource location '../../Media/materials/scripts' of type 'FileSystem' to resource group 'Popular'
20:13:35: Added resource location '../../Media/materials/textures' of type 'FileSystem' to resource group 'Popular'
20:13:35: Added resource location '../../Media/materials/textures/nvidia' of type 'FileSystem' to resource group 'Popular'
20:13:35: Added resource location '../../Media/models' of type 'FileSystem' to resource group 'Popular'
20:13:35: Added resource location '../../Media/particle' of type 'FileSystem' to resource group 'Popular'
20:13:35: Added resource location '../../Media/DeferredShadingMedia' of type 'FileSystem' to resource group 'Popular'
20:13:35: Added resource location '../../Media/PCZAppMedia' of type 'FileSystem' to resource group 'Popular'
20:13:35: Added resource location '../../Media/RTShaderLib' of type 'FileSystem' to resource group 'Popular'
20:13:35: Added resource location '../../Media/RTShaderLib/materials' of type 'FileSystem' to resource group 'Popular'
20:13:35: Added resource location '../../Media/materials/scripts/SSAO' of type 'FileSystem' to resource group 'Popular'
20:13:35: Added resource location '../../Media/materials/textures/SSAO' of type 'FileSystem' to resource group 'Popular'
20:13:35: Added resource location '../../Media/volumeTerrain' of type 'FileSystem' to resource group 'Popular'
20:13:35: Added resource location '../../Media/packs/cubemap.zip' of type 'Zip' to resource group 'Popular'
20:13:35: Added resource location '../../Media/packs/cubemapsJS.zip' of type 'Zip' to resource group 'Popular'
20:13:35: Added resource location '../../Media/packs/dragon.zip' of type 'Zip' to resource group 'Popular'
20:13:35: Added resource location '../../Media/packs/fresneldemo.zip' of type 'Zip' to resource group 'Popular'
20:13:35: Added resource location '../../Media/packs/ogretestmap.zip' of type 'Zip' to resource group 'Popular'
20:13:35: Added resource location '../../Media/packs/ogredance.zip' of type 'Zip' to resource group 'Popular'
20:13:35: Added resource location '../../Media/packs/Sinbad.zip' of type 'Zip' to resource group 'Popular'
20:13:35: Added resource location '../../Media/packs/skybox.zip' of type 'Zip' to resource group 'Popular'
20:13:35: Added resource location '../../Media/volumeTerrain/volumeTerrainBig.zip' of type 'Zip' to resource group 'Popular'
20:13:35: Creating resource group Tests
20:13:35: Added resource location '../../Tests/Media' of type 'FileSystem' to resource group 'Tests'
20:13:35: D3D9 : RenderSystem Option: Allow DirectX9Ex = No
20:13:35: D3D9 : RenderSystem Option: Allow NVPerfHUD = No
20:13:35: D3D9 : RenderSystem Option: FSAA = 0
20:13:35: D3D9 : RenderSystem Option: Fixed Pipeline Enabled = Yes
20:13:35: D3D9 : RenderSystem Option: Floating-point mode = Fastest
20:13:35: D3D9 : RenderSystem Option: Full Screen = Yes
20:13:35: D3D9 : RenderSystem Option: Multi device memory hint = Use minimum system memory
20:13:35: D3D9 : RenderSystem Option: Rendering Device = Monitor-1-NVIDIA Quadro K4000
20:13:35: D3D9 : RenderSystem Option: Resource Creation Policy = Create on all devices
20:13:35: D3D9 : RenderSystem Option: Use Multihead = Auto
20:13:35: D3D9 : RenderSystem Option: VSync = No
20:13:35: D3D9 : RenderSystem Option: VSync Interval = 1
20:13:35: D3D9 : RenderSystem Option: Video Mode = 800 x 600 @ 32-bit colour
20:13:35: D3D9 : RenderSystem Option: sRGB Gamma Conversion = No
20:13:46: CPU Identifier & Features
20:13:46: -------------------------
20:13:46:  *   CPU ID: GenuineIntel: Intel(R) Xeon(R) CPU E5-1650 v2 @ 3.50GHz
20:13:46:  *      SSE: yes
20:13:46:  *     SSE2: yes
20:13:46:  *     SSE3: yes
20:13:46:  *      MMX: yes
20:13:46:  *   MMXEXT: yes
20:13:46:  *    3DNOW: no
20:13:46:  * 3DNOWEXT: no
20:13:46:  *     CMOV: yes
20:13:46:  *      TSC: yes
20:13:46:  *      FPU: yes
20:13:46:  *      PRO: yes
20:13:46:  *       HT: no
20:13:46: -------------------------
20:13:46: D3D9 : Subsystem Initialising
20:13:46: Registering ResourceManager for type Texture
20:13:46: Registering ResourceManager for type GpuProgram
20:13:46: ***************************************
20:13:46: *** D3D9 : Subsystem Initialised OK ***
20:13:46: ***************************************
20:13:46: D3D9RenderSystem::_createRenderWindow "Animation and Simulation Tutorial Framework", 1280x720 windowed  miscParams: full screen antialiasing=0 vsync=true 
20:13:46: D3D9 : Created D3D9 Rendering Window 'Animation and Simulation Tutorial Framework' : 1280x720, 32bpp
20:13:46: D3D9: Vertex texture format supported - PF_A8R8G8B8
20:13:46: D3D9: Vertex texture format supported - PF_B8G8R8A8
20:13:46: D3D9: Vertex texture format supported - PF_FLOAT16_RGB
20:13:46: D3D9: Vertex texture format supported - PF_FLOAT16_RGBA
20:13:46: D3D9: Vertex texture format supported - PF_FLOAT32_RGB
20:13:46: D3D9: Vertex texture format supported - PF_FLOAT32_RGBA
20:13:46: D3D9: Vertex texture format supported - PF_R8G8B8A8
20:13:46: D3D9: Vertex texture format supported - PF_DEPTH
20:13:46: D3D9: Vertex texture format supported - PF_FLOAT16_R
20:13:46: D3D9: Vertex texture format supported - PF_FLOAT32_R
20:13:46: D3D9: Vertex texture format supported - PF_FLOAT16_GR
20:13:46: D3D9: Vertex texture format supported - PF_FLOAT32_GR
20:13:46: D3D9: Vertex texture format supported - PF_PVRTC_RGB2
20:13:46: D3D9: Vertex texture format supported - PF_PVRTC_RGBA2
20:13:46: D3D9: Vertex texture format supported - PF_PVRTC_RGB4
20:13:46: D3D9: Vertex texture format supported - PF_PVRTC_RGBA4
20:13:46: D3D9: Vertex texture format supported - PF_PVRTC2_2BPP
20:13:46: D3D9: Vertex texture format supported - PF_PVRTC2_4BPP
20:13:46: D3D9: Vertex texture format supported - PF_R11G11B10_FLOAT
20:13:46: D3D9: Vertex texture format supported - PF_R8_UINT
20:13:46: D3D9: Vertex texture format supported - PF_R8G8_UINT
20:13:46: D3D9: Vertex texture format supported - PF_R8G8B8_UINT
20:13:46: D3D9: Vertex texture format supported - PF_R8G8B8A8_UINT
20:13:46: D3D9: Vertex texture format supported - PF_R16_UINT
20:13:46: D3D9: Vertex texture format supported - PF_R16G16_UINT
20:13:46: D3D9: Vertex texture format supported - PF_R16G16B16_UINT
20:13:46: D3D9: Vertex texture format supported - PF_R16G16B16A16_UINT
20:13:46: D3D9: Vertex texture format supported - PF_R32_UINT
20:13:46: D3D9: Vertex texture format supported - PF_R32G32_UINT
20:13:46: D3D9: Vertex texture format supported - PF_R32G32B32_UINT
20:13:46: D3D9: Vertex texture format supported - PF_R32G32B32A32_UINT
20:13:46: D3D9: Vertex texture format supported - PF_R8_SINT
20:13:46: D3D9: Vertex texture format supported - PF_R8G8_SINT
20:13:46: D3D9: Vertex texture format supported - PF_R8G8B8_SINT
20:13:46: D3D9: Vertex texture format supported - PF_R8G8B8A8_SINT
20:13:46: D3D9: Vertex texture format supported - PF_R16_SINT
20:13:46: D3D9: Vertex texture format supported - PF_R16G16_SINT
20:13:46: D3D9: Vertex texture format supported - PF_R16G16B16_SINT
20:13:46: D3D9: Vertex texture format supported - PF_R16G16B16A16_SINT
20:13:46: D3D9: Vertex texture format supported - PF_R32_SINT
20:13:46: D3D9: Vertex texture format supported - PF_R32G32_SINT
20:13:46: D3D9: Vertex texture format supported - PF_R32G32B32_SINT
20:13:46: D3D9: Vertex texture format supported - PF_R32G32B32A32_SINT
20:13:46: D3D9: Vertex texture format supported - PF_R9G9B9E5_SHAREDEXP
20:13:46: D3D9: Vertex texture format supported - PF_BC4_UNORM
20:13:46: D3D9: Vertex texture format supported - PF_BC4_SNORM
20:13:46: D3D9: Vertex texture format supported - PF_BC5_UNORM
20:13:46: D3D9: Vertex texture format supported - PF_BC5_SNORM
20:13:46: D3D9: Vertex texture format supported - PF_BC6H_UF16
20:13:46: D3D9: Vertex texture format supported - PF_BC6H_SF16
20:13:46: D3D9: Vertex texture format supported - PF_BC7_UNORM
20:13:46: D3D9: Vertex texture format supported - PF_BC7_UNORM_SRGB
20:13:46: D3D9: Vertex texture format supported - PF_R8
20:13:46: D3D9: Vertex texture format supported - PF_RG8
20:13:46: D3D9: Vertex texture format supported - PF_R8_SNORM
20:13:46: D3D9: Vertex texture format supported - PF_R8G8_SNORM
20:13:46: D3D9: Vertex texture format supported - PF_R8G8B8_SNORM
20:13:46: D3D9: Vertex texture format supported - PF_R8G8B8A8_SNORM
20:13:46: D3D9: Vertex texture format supported - PF_R16_SNORM
20:13:46: D3D9: Vertex texture format supported - PF_R16G16_SNORM
20:13:46: D3D9: Vertex texture format supported - PF_R16G16B16_SNORM
20:13:46: D3D9: Vertex texture format supported - PF_R16G16B16A16_SNORM
20:13:46: D3D9: Vertex texture format supported - PF_ETC1_RGB8
20:13:46: D3D9: Vertex texture format supported - PF_ETC2_RGB8
20:13:46: D3D9: Vertex texture format supported - PF_ETC2_RGBA8
20:13:46: D3D9: Vertex texture format supported - PF_ETC2_RGB8A1
20:13:46: D3D9: Vertex texture format supported - PF_ATC_RGB
20:13:46: D3D9: Vertex texture format supported - PF_ATC_RGBA_EXPLICIT_ALPHA
20:13:46: D3D9: Vertex texture format supported - PF_ATC_RGBA_INTERPOLATED_ALPHA
20:13:46: RenderSystem capabilities
20:13:46: -------------------------
20:13:46: RenderSystem Name: Direct3D9 Rendering Subsystem
20:13:46: GPU Vendor: nvidia
20:13:46: Device Name: Monitor-2-NVIDIA Quadro K4000
20:13:46: Driver Version: 9.18.13.2049
20:13:46:  * Fixed function pipeline: yes
20:13:46:  * Hardware generation of mipmaps: yes
20:13:46:  * Texture blending: yes
20:13:46:  * Anisotropic texture filtering: yes
20:13:46:  * Dot product texture operation: yes
20:13:46:  * Cube mapping: yes
20:13:46:  * Hardware stencil buffer: yes
20:13:46:    - Stencil depth: 8
20:13:46:    - Two sided stencil support: yes
20:13:46:    - Wrap stencil values: yes
20:13:46:  * Hardware vertex / index buffers: yes
20:13:46:  * Vertex programs: yes
20:13:46:  * Number of floating-point constants for vertex programs: 256
20:13:46:  * Number of integer constants for vertex programs: 16
20:13:46:  * Number of boolean constants for vertex programs: 16
20:13:46:  * Fragment programs: yes
20:13:46:  * Number of floating-point constants for fragment programs: 224
20:13:46:  * Number of integer constants for fragment programs: 16
20:13:46:  * Number of boolean constants for fragment programs: 16
20:13:46:  * Geometry programs: no
20:13:46:  * Number of floating-point constants for geometry programs: 0
20:13:46:  * Number of integer constants for geometry programs: 0
20:13:46:  * Number of boolean constants for geometry programs: 0
20:13:46:  * Tesselation Hull programs: no
20:13:46:  * Number of floating-point constants for tesselation hull programs: 0
20:13:46:  * Number of integer constants for tesselation hull programs: 0
20:13:46:  * Number of boolean constants for tesselation hull programs: 0
20:13:46:  * Tesselation Domain programs: no
20:13:46:  * Number of floating-point constants for tesselation domain programs: 0
20:13:46:  * Number of integer constants for tesselation domain programs: 0
20:13:46:  * Number of boolean constants for tesselation domain programs: 0
20:13:46:  * Compute programs: no
20:13:46:  * Number of floating-point constants for compute programs: 0
20:13:46:  * Number of integer constants for compute programs: 0
20:13:46:  * Number of boolean constants for compute programs: 0
20:13:46:  * Supported Shader Profiles: hlsl ps_1_1 ps_1_2 ps_1_3 ps_1_4 ps_2_0 ps_2_a ps_2_b ps_2_x ps_3_0 vs_1_1 vs_2_0 vs_2_a vs_2_x vs_3_0
20:13:46:  * Texture Compression: yes
20:13:46:    - DXT: yes
20:13:46:    - VTC: no
20:13:46:    - PVRTC: no
20:13:46:    - ATC: no
20:13:46:    - ETC1: no
20:13:46:    - ETC2: no
20:13:46:    - BC4/BC5: no
20:13:46:    - BC6H/BC7: no
20:13:46:  * Scissor Rectangle: yes
20:13:46:  * Hardware Occlusion Query: yes
20:13:46:  * User clip planes: yes
20:13:46:  * VET_UBYTE4 vertex element type: yes
20:13:46:  * Infinite far plane projection: yes
20:13:46:  * Hardware render-to-texture: yes
20:13:46:  * Floating point textures: yes
20:13:46:  * Non-power-of-two textures: yes
20:13:46:  * 1d textures: yes
20:13:46:  * Volume textures: yes
20:13:46:  * Multiple Render Targets: 4
20:13:46:    - With different bit depths: yes
20:13:46:  * Point Sprites: yes
20:13:46:  * Extended point parameters: yes
20:13:46:  * Max Point Size: 8192
20:13:46:  * Vertex texture fetch: yes
20:13:46:  * Number of world matrices: 0
20:13:46:  * Number of texture units: 8
20:13:46:  * Stencil buffer depth: 8
20:13:46:  * Number of vertex blend matrices: 0
20:13:46:    - Max vertex textures: 4
20:13:46:    - Vertex textures shared: no
20:13:46:  * Render to Vertex Buffer : no
20:13:46:  * Hardware Atomic Counters: no
20:13:46:  * DirectX per stage constants: yes
20:13:46: DefaultWorkQueue('Root') initialising on thread 1d38.
20:13:46: DefaultWorkQueue('Root')::WorkerFunc - thread 1030 starting.
20:13:46: DefaultWorkQueue('Root')::WorkerFunc - thread 1914 starting.
20:13:46: DefaultWorkQueue('Root')::WorkerFunc - thread 2aa4 starting.
20:13:46: DefaultWorkQueue('Root')::WorkerFunc - thread 232c starting.
20:13:46: DefaultWorkQueue('Root')::WorkerFunc - thread 508 starting.
20:13:46: DefaultWorkQueue('Root')::WorkerFunc - thread 28ec starting.
20:13:46: DefaultWorkQueue('Root')::WorkerFunc - thread 2a00 starting.
20:13:46: DefaultWorkQueue('Root')::WorkerFunc - thread 1490 starting.
20:13:46: DefaultWorkQueue('Root')::WorkerFunc - thread 25a0 starting.
20:13:46: DefaultWorkQueue('Root')::WorkerFunc - thread 1468 starting.
20:13:46: DefaultWorkQueue('Root')::WorkerFunc - thread 2b88 starting.
20:13:46: DefaultWorkQueue('Root')::WorkerFunc - thread 1ab4 starting.
20:13:46: Particle Renderer Type 'billboard' registered
20:13:46: Parsing scripts for resource group Autodetect
20:13:46: Finished parsing scripts for resource group Autodetect
20:13:46: Creating resources for group Autodetect
20:13:46: All done
20:13:46: Parsing scripts for resource group Essential
20:13:46: Parsing script SdkTrays.material
20:13:46: Parsing script OgreProfiler.material
20:13:46: Finished parsing scripts for resource group Essential
20:13:46: Creating resources for group Essential
20:13:46: All done
20:13:46: Parsing scripts for resource group General
20:13:46: Finished parsing scripts for resource group General
20:13:46: Creating resources for group General
20:13:46: All done
20:13:46: Parsing scripts for resource group Internal
20:13:46: Finished parsing scripts for resource group Internal
20:13:46: Creating resources for group Internal
20:13:46: All done
20:13:46: Parsing scripts for resource group Popular
20:13:46: Parsing script DualQuaternion.program
20:13:46: Parsing script Examples.program
20:13:46: Parsing script Instancing.program
20:13:46: Parsing script StdQuad_vp.program
20:13:46: Parsing script deferred_post.program
20:13:47: Parsing script ShadowCaster.program
20:13:47: Parsing script GBuffer.program
20:13:47: Parsing script triplanarReference.program
20:13:47: Parsing script AdaptivePNTrianglesTessellation.material
20:13:47: Parsing script ASCII.material
20:13:47: Parsing script ASMSwizzle.material
20:13:47: Compiler error: object unsupported by render system in ASMSwizzle.material(1): , Shader name: Ogre/GPTest/Swizzle_GP_ASM
20:13:47: Parsing script BlackAndWhite.material
20:13:47: Parsing script Bloom.material
20:13:47: OGRE EXCEPTION(6:FileNotFoundException): Cannot locate resource Blur0_ps20.hlsl in resource group Popular or any other group. in ResourceGroupManager::openResource at ..\..\..\..\OgreMain\src\OgreResourceGroupManager.cpp (line 756)
20:13:47: High-level program Blur0_ps20 encountered an error during loading and is thus not supported.
OGRE EXCEPTION(6:FileNotFoundException): Cannot locate resource Blur0_ps20.hlsl in resource group Popular or any other group. in ResourceGroupManager::openResource at ..\..\..\..\OgreMain\src\OgreResourceGroupManager.cpp (line 756)
20:13:47: OGRE EXCEPTION(6:FileNotFoundException): Cannot locate resource Blur0_vs11.hlsl in resource group Popular or any other group. in ResourceGroupManager::openResource at ..\..\..\..\OgreMain\src\OgreResourceGroupManager.cpp (line 756)
20:13:47: High-level program Blur0_vs11 encountered an error during loading and is thus not supported.
OGRE EXCEPTION(6:FileNotFoundException): Cannot locate resource Blur0_vs11.hlsl in resource group Popular or any other group. in ResourceGroupManager::openResource at ..\..\..\..\OgreMain\src\OgreResourceGroupManager.cpp (line 756)
20:13:47: OGRE EXCEPTION(6:FileNotFoundException): Cannot locate resource Blur1_ps20.hlsl in resource group Popular or any other group. in ResourceGroupManager::openResource at ..\..\..\..\OgreMain\src\OgreResourceGroupManager.cpp (line 756)
20:13:47: High-level program Blur1_ps20 encountered an error during loading and is thus not supported.
OGRE EXCEPTION(6:FileNotFoundException): Cannot locate resource Blur1_ps20.hlsl in resource group Popular or any other group. in ResourceGroupManager::openResource at ..\..\..\..\OgreMain\src\OgreResourceGroupManager.cpp (line 756)
20:13:47: OGRE EXCEPTION(6:FileNotFoundException): Cannot locate resource Blur1_vs11.hlsl in resource group Popular or any other group. in ResourceGroupManager::openResource at ..\..\..\..\OgreMain\src\OgreResourceGroupManager.cpp (line 756)
20:13:47: High-level program Blur1_vs11 encountered an error during loading and is thus not supported.
OGRE EXCEPTION(6:FileNotFoundException): Cannot locate resource Blur1_vs11.hlsl in resource group Popular or any other group. in ResourceGroupManager::openResource at ..\..\..\..\OgreMain\src\OgreResourceGroupManager.cpp (line 756)
20:13:47: Parsing script Bloom2.material
20:13:47: OGRE EXCEPTION(6:FileNotFoundException): Cannot locate resource BlurH_ps20.hlsl in resource group Popular or any other group. in ResourceGroupManager::openResource at ..\..\..\..\OgreMain\src\OgreResourceGroupManager.cpp (line 756)
20:13:47: High-level program BlurH_ps20_hlsl encountered an error during loading and is thus not supported.
OGRE EXCEPTION(6:FileNotFoundException): Cannot locate resource BlurH_ps20.hlsl in resource group Popular or any other group. in ResourceGroupManager::openResource at ..\..\..\..\OgreMain\src\OgreResourceGroupManager.cpp (line 756)
20:13:47: OGRE EXCEPTION(6:FileNotFoundException): Cannot locate resource Blur_vs11.hlsl in resource group Popular or any other group. in ResourceGroupManager::openResource at ..\..\..\..\OgreMain\src\OgreResourceGroupManager.cpp (line 756)
20:13:47: High-level program Blur_vs11_hlsl encountered an error during loading and is thus not supported.
OGRE EXCEPTION(6:FileNotFoundException): Cannot locate resource Blur_vs11.hlsl in resource group Popular or any other group. in ResourceGroupManager::openResource at ..\..\..\..\OgreMain\src\OgreResourceGroupManager.cpp (line 756)
20:13:47: OGRE EXCEPTION(6:FileNotFoundException): Cannot locate resource BlurV_ps20.hlsl in resource group Popular or any other group. in ResourceGroupManager::openResource at ..\..\..\..\OgreMain\src\OgreResourceGroupManager.cpp (line 756)
20:13:47: High-level program BlurV_ps20_hlsl encountered an error during loading and is thus not supported.
OGRE EXCEPTION(6:FileNotFoundException): Cannot locate resource BlurV_ps20.hlsl in resource group Popular or any other group. in ResourceGroupManager::openResource at ..\..\..\..\OgreMain\src\OgreResourceGroupManager.cpp (line 756)
20:13:47: OGRE EXCEPTION(6:FileNotFoundException): Cannot locate resource Bloom2_ps20.hlsl in resource group Popular or any other group. in ResourceGroupManager::openResource at ..\..\..\..\OgreMain\src\OgreResourceGroupManager.cpp (line 756)
20:13:47: High-level program Bloom2_ps20_hlsl encountered an error during loading and is thus not supported.
OGRE EXCEPTION(6:FileNotFoundException): Cannot locate resource Bloom2_ps20.hlsl in resource group Popular or any other group. in ResourceGroupManager::openResource at ..\..\..\..\OgreMain\src\OgreResourceGroupManager.cpp (line 756)
20:13:47: OGRE EXCEPTION(2:InvalidParametersException): Named constants have not been initialised, perhaps a compile error. in GpuProgramParameters::_findNamedConstantDefinition at ..\..\..\..\OgreMain\src\OgreGpuProgramParams.cpp (line 1709)
20:13:47: Compiler error: invalid parameters in Bloom2.material(323): setting of constant failed
20:13:47: OGRE EXCEPTION(2:InvalidParametersException): Named constants have not been initialised, perhaps a compile error. in GpuProgramParameters::_findNamedConstantDefinition at ..\..\..\..\OgreMain\src\OgreGpuProgramParams.cpp (line 1709)
20:13:47: Compiler error: invalid parameters in Bloom2.material(324): setting of constant failed
20:13:47: OGRE EXCEPTION(6:FileNotFoundException): Cannot locate resource BrightBloom2_ps20.hlsl in resource group Popular or any other group. in ResourceGroupManager::openResource at ..\..\..\..\OgreMain\src\OgreResourceGroupManager.cpp (line 756)
20:13:47: High-level program BrightBloom2_ps20_hlsl encountered an error during loading and is thus not supported.
OGRE EXCEPTION(6:FileNotFoundException): Cannot locate resource BrightBloom2_ps20.hlsl in resource group Popular or any other group. in ResourceGroupManager::openResource at ..\..\..\..\OgreMain\src\OgreResourceGroupManager.cpp (line 756)
20:13:47: Parsing script CGSwizzle.material
20:13:47: Parsing script CompositorDemo.material
20:13:47: Parsing script DepthShadowmap.material
20:13:47: OGRE EXCEPTION(6:FileNotFoundException): Cannot locate resource DepthShadowmap.hlsl in resource group Popular or any other group. in ResourceGroupManager::openResource at ..\..\..\..\OgreMain\src\OgreResourceGroupManager.cpp (line 756)
20:13:47: High-level program Ogre/DepthShadowmap/CasterVP_HLSL encountered an error during loading and is thus not supported.
OGRE EXCEPTION(6:FileNotFoundException): Cannot locate resource DepthShadowmap.hlsl in resource group Popular or any other group. in ResourceGroupManager::openResource at ..\..\..\..\OgreMain\src\OgreResourceGroupManager.cpp (line 756)
20:13:47: OGRE EXCEPTION(2:InvalidParametersException): Named constants have not been initialised, perhaps a compile error. in GpuProgramParameters::_findNamedConstantDefinition at ..\..\..\..\OgreMain\src\OgreGpuProgramParams.cpp (line 1709)
20:13:47: Compiler error: invalid parameters in DepthShadowmap.material(12): setting of constant failed
20:13:47: OGRE EXCEPTION(2:InvalidParametersException): Named constants have not been initialised, perhaps a compile error. in GpuProgramParameters::_findNamedConstantDefinition at ..\..\..\..\OgreMain\src\OgreGpuProgramParams.cpp (line 1709)
20:13:47: Compiler error: invalid parameters in DepthShadowmap.material(13): setting of constant failed
20:13:47: OGRE EXCEPTION(6:FileNotFoundException): Cannot locate resource DepthShadowmap.hlsl in resource group Popular or any other group. in ResourceGroupManager::openResource at ..\..\..\..\OgreMain\src\OgreResourceGroupManager.cpp (line 756)
20:13:47: High-level program Ogre/DepthShadowmap/CasterFP_HLSL encountered an error during loading and is thus not supported.
OGRE EXCEPTION(6:FileNotFoundException): Cannot locate resource DepthShadowmap.hlsl in resource group Popular or any other group. in ResourceGroupManager::openResource at ..\..\..\..\OgreMain\src\OgreResourceGroupManager.cpp (line 756)
20:13:47: OGRE EXCEPTION(6:FileNotFoundException): Cannot locate resource DepthShadowmap.hlsl in resource group Popular or any other group. in ResourceGroupManager::openResource at ..\..\..\..\OgreMain\src\OgreResourceGroupManager.cpp (line 756)
20:13:47: High-level program Ogre/DepthShadowmap/ReceiverVP_HLSL encountered an error during loading and is thus not supported.
OGRE EXCEPTION(6:FileNotFoundException): Cannot locate resource DepthShadowmap.hlsl in resource group Popular or any other group. in ResourceGroupManager::openResource at ..\..\..\..\OgreMain\src\OgreResourceGroupManager.cpp (line 756)
20:13:47: OGRE EXCEPTION(2:InvalidParametersException): Named constants have not been initialised, perhaps a compile error. in GpuProgramParameters::_findNamedConstantDefinition at ..\..\..\..\OgreMain\src\OgreGpuProgramParams.cpp (line 1709)
20:13:47: Compiler error: invalid parameters in DepthShadowmap.material(38): setting of constant failed
20:13:47: OGRE EXCEPTION(2:InvalidParametersException): Named constants have not been initialised, perhaps a compile error. in GpuProgramParameters::_findNamedConstantDefinition at ..\..\..\..\OgreMain\src\OgreGpuProgramParams.cpp (line 1709)
20:13:47: Compiler error: invalid parameters in DepthShadowmap.material(39): setting of constant failed
20:13:47: OGRE EXCEPTION(2:InvalidParametersException): Named constants have not been initialised, perhaps a compile error. in GpuProgramParameters::_findNamedConstantDefinition at ..\..\..\..\OgreMain\src\OgreGpuProgramParams.cpp (line 1709)
20:13:47: Compiler error: invalid parameters in DepthShadowmap.material(40): setting of constant failed
20:13:47: OGRE EXCEPTION(2:InvalidParametersException): Named constants have not been initialised, perhaps a compile error. in GpuProgramParameters::_findNamedConstantDefinition at ..\..\..\..\OgreMain\src\OgreGpuProgramParams.cpp (line 1709)
20:13:47: Compiler error: invalid parameters in DepthShadowmap.material(41): setting of constant failed
20:13:47: OGRE EXCEPTION(2:InvalidParametersException): Named constants have not been initialised, perhaps a compile error. in GpuProgramParameters::_findNamedConstantDefinition at ..\..\..\..\OgreMain\src\OgreGpuProgramParams.cpp (line 1709)
20:13:47: Compiler error: invalid parameters in DepthShadowmap.material(42): setting of constant failed
20:13:47: OGRE EXCEPTION(2:InvalidParametersException): Named constants have not been initialised, perhaps a compile error. in GpuProgramParameters::_findNamedConstantDefinition at ..\..\..\..\OgreMain\src\OgreGpuProgramParams.cpp (line 1709)
20:13:47: Compiler error: invalid parameters in DepthShadowmap.material(43): setting of constant failed
20:13:47: OGRE EXCEPTION(6:FileNotFoundException): Cannot locate resource DepthShadowmap.hlsl in resource group Popular or any other group. in ResourceGroupManager::openResource at ..\..\..\..\OgreMain\src\OgreResourceGroupManager.cpp (line 756)
20:13:47: High-level program Ogre/DepthShadowmap/ReceiverFP_HLSL encountered an error during loading and is thus not supported.
OGRE EXCEPTION(6:FileNotFoundException): Cannot locate resource DepthShadowmap.hlsl in resource group Popular or any other group. in ResourceGroupManager::openResource at ..\..\..\..\OgreMain\src\OgreResourceGroupManager.cpp (line 756)
20:13:47: OGRE EXCEPTION(2:InvalidParametersException): Named constants have not been initialised, perhaps a compile error. in GpuProgramParameters::_findNamedConstantDefinition at ..\..\..\..\OgreMain\src\OgreGpuProgramParams.cpp (line 1709)
20:13:47: Compiler error: invalid parameters in DepthShadowmap.material(58): setting of constant failed
20:13:47: OGRE EXCEPTION(2:InvalidParametersException): Named constants have not been initialised, perhaps a compile error. in GpuProgramParameters::_findNamedConstantDefinition at ..\..\..\..\OgreMain\src\OgreGpuProgramParams.cpp (line 1709)
20:13:47: Compiler error: invalid parameters in DepthShadowmap.material(59): setting of constant failed
20:13:47: OGRE EXCEPTION(2:InvalidParametersException): Named constants have not been initialised, perhaps a compile error. in GpuProgramParameters::_findNamedConstantDefinition at ..\..\..\..\OgreMain\src\OgreGpuProgramParams.cpp (line 1709)
20:13:47: Compiler error: invalid parameters in DepthShadowmap.material(60): setting of constant failed
20:13:47: OGRE EXCEPTION(2:InvalidParametersException): Named constants have not been initialised, perhaps a compile error. in GpuProgramParameters::_findNamedConstantDefinition at ..\..\..\..\OgreMain\src\OgreGpuProgramParams.cpp (line 1709)
20:13:47: Compiler error: invalid parameters in DepthShadowmap.material(61): setting of constant failed
20:13:47: OGRE EXCEPTION(6:FileNotFoundException): Cannot locate resource DepthShadowmap.hlsl in resource group Popular or any other group. in ResourceGroupManager::openResource at ..\..\..\..\OgreMain\src\OgreResourceGroupManager.cpp (line 756)
20:13:47: High-level program Ogre/DepthShadowmap/ReceiverFPPCF_HLSL encountered an error during loading and is thus not supported.
OGRE EXCEPTION(6:FileNotFoundException): Cannot locate resource DepthShadowmap.hlsl in resource group Popular or any other group. in ResourceGroupManager::openResource at ..\..\..\..\OgreMain\src\OgreResourceGroupManager.cpp (line 756)
20:13:47: OGRE EXCEPTION(2:InvalidParametersException): Named constants have not been initialised, perhaps a compile error. in GpuProgramParameters::_findNamedConstantDefinition at ..\..\..\..\OgreMain\src\OgreGpuProgramParams.cpp (line 1709)
20:13:47: Compiler error: invalid parameters in DepthShadowmap.material(75): setting of constant failed
20:13:47: OGRE EXCEPTION(2:InvalidParametersException): Named constants have not been initialised, perhaps a compile error. in GpuProgramParameters::_findNamedConstantDefinition at ..\..\..\..\OgreMain\src\OgreGpuProgramParams.cpp (line 1709)
20:13:47: Compiler error: invalid parameters in DepthShadowmap.material(76): setting of constant failed
20:13:47: OGRE EXCEPTION(2:InvalidParametersException): Named constants have not been initialised, perhaps a compile error. in GpuProgramParameters::_findNamedConstantDefinition at ..\..\..\..\OgreMain\src\OgreGpuProgramParams.cpp (line 1709)
20:13:47: Compiler error: invalid parameters in DepthShadowmap.material(77): setting of constant failed
20:13:47: OGRE EXCEPTION(6:FileNotFoundException): Cannot locate resource DepthShadowmap.hlsl in resource group Popular or any other group. in ResourceGroupManager::openResource at ..\..\..\..\OgreMain\src\OgreResourceGroupManager.cpp (line 756)
20:13:47: High-level program Ogre/DepthShadowmap/NormalMapReceiverVP_HLSL encountered an error during loading and is thus not supported.
OGRE EXCEPTION(6:FileNotFoundException): Cannot locate resource DepthShadowmap.hlsl in resource group Popular or any other group. in ResourceGroupManager::openResource at ..\..\..\..\OgreMain\src\OgreResourceGroupManager.cpp (line 756)
20:13:47: OGRE EXCEPTION(2:InvalidParametersException): Named constants have not been initialised, perhaps a compile error. in GpuProgramParameters::_findNamedConstantDefinition at ..\..\..\..\OgreMain\src\OgreGpuProgramParams.cpp (line 1709)
20:13:47: Compiler error: invalid parameters in DepthShadowmap.material(88): setting of constant failed
20:13:47: OGRE EXCEPTION(2:InvalidParametersException): Named constants have not been initialised, perhaps a compile error. in GpuProgramParameters::_findNamedConstantDefinition at ..\..\..\..\OgreMain\src\OgreGpuProgramParams.cpp (line 1709)
20:13:47: Compiler error: invalid parameters in DepthShadowmap.material(89): setting of constant failed
20:13:47: OGRE EXCEPTION(2:InvalidParametersException): Named constants have not been initialised, perhaps a compile error. in GpuProgramParameters::_findNamedConstantDefinition at ..\..\..\..\OgreMain\src\OgreGpuProgramParams.cpp (line 1709)
20:13:47: Compiler error: invalid parameters in DepthShadowmap.material(90): setting of constant failed
20:13:47: OGRE EXCEPTION(2:InvalidParametersException): Named constants have not been initialised, perhaps a compile error. in GpuProgramParameters::_findNamedConstantDefinition at ..\..\..\..\OgreMain\src\OgreGpuProgramParams.cpp (line 1709)
20:13:47: Compiler error: invalid parameters in DepthShadowmap.material(91): setting of constant failed
20:13:47: OGRE EXCEPTION(6:FileNotFoundException): Cannot locate resource DepthShadowmap.hlsl in resource group Popular or any other group. in ResourceGroupManager::openResource at ..\..\..\..\OgreMain\src\OgreResourceGroupManager.cpp (line 756)
20:13:47: High-level program Ogre/DepthShadowmap/NormalMapReceiverFP_HLSL encountered an error during loading and is thus not supported.
OGRE EXCEPTION(6:FileNotFoundException): Cannot locate resource DepthShadowmap.hlsl in resource group Popular or any other group. in ResourceGroupManager::openResource at ..\..\..\..\OgreMain\src\OgreResourceGroupManager.cpp (line 756)
20:13:47: OGRE EXCEPTION(2:InvalidParametersException): Named constants have not been initialised, perhaps a compile error. in GpuProgramParameters::_findNamedConstantDefinition at ..\..\..\..\OgreMain\src\OgreGpuProgramParams.cpp (line 1709)
20:13:47: Compiler error: invalid parameters in DepthShadowmap.material(105): setting of constant failed
20:13:47: OGRE EXCEPTION(2:InvalidParametersException): Named constants have not been initialised, perhaps a compile error. in GpuProgramParameters::_findNamedConstantDefinition at ..\..\..\..\OgreMain\src\OgreGpuProgramParams.cpp (line 1709)
20:13:47: Compiler error: invalid parameters in DepthShadowmap.material(106): setting of constant failed
20:13:47: OGRE EXCEPTION(2:InvalidParametersException): Named constants have not been initialised, perhaps a compile error. in GpuProgramParameters::_findNamedConstantDefinition at ..\..\..\..\OgreMain\src\OgreGpuProgramParams.cpp (line 1709)
20:13:47: Compiler error: invalid parameters in DepthShadowmap.material(107): setting of constant failed
20:13:47: OGRE EXCEPTION(2:InvalidParametersException): Named constants have not been initialised, perhaps a compile error. in GpuProgramParameters::_findNamedConstantDefinition at ..\..\..\..\OgreMain\src\OgreGpuProgramParams.cpp (line 1709)
20:13:47: Compiler error: invalid parameters in DepthShadowmap.material(108): setting of constant failed
20:13:47: OGRE EXCEPTION(2:InvalidParametersException): Named constants have not been initialised, perhaps a compile error. in GpuProgramParameters::_findNamedConstantDefinition at ..\..\..\..\OgreMain\src\OgreGpuProgramParams.cpp (line 1709)
20:13:47: Compiler error: invalid parameters in DepthShadowmap.material(109): setting of constant failed
20:13:47: OGRE EXCEPTION(6:FileNotFoundException): Cannot locate resource DepthShadowmap.hlsl in resource group Popular or any other group. in ResourceGroupManager::openResource at ..\..\..\..\OgreMain\src\OgreResourceGroupManager.cpp (line 756)
20:13:47: High-level program Ogre/DepthShadowmap/NormalMapReceiverFPPCF_HLSL encountered an error during loading and is thus not supported.
OGRE EXCEPTION(6:FileNotFoundException): Cannot locate resource DepthShadowmap.hlsl in resource group Popular or any other group. in ResourceGroupManager::openResource at ..\..\..\..\OgreMain\src\OgreResourceGroupManager.cpp (line 756)
20:13:47: OGRE EXCEPTION(2:InvalidParametersException): Named constants have not been initialised, perhaps a compile error. in GpuProgramParameters::_findNamedConstantDefinition at ..\..\..\..\OgreMain\src\OgreGpuProgramParams.cpp (line 1709)
20:13:47: Compiler error: invalid parameters in DepthShadowmap.material(122): setting of constant failed
20:13:47: OGRE EXCEPTION(2:InvalidParametersException): Named constants have not been initialised, perhaps a compile error. in GpuProgramParameters::_findNamedConstantDefinition at ..\..\..\..\OgreMain\src\OgreGpuProgramParams.cpp (line 1709)
20:13:47: Compiler error: invalid parameters in DepthShadowmap.material(123): setting of constant failed
20:13:47: OGRE EXCEPTION(2:InvalidParametersException): Named constants have not been initialised, perhaps a compile error. in GpuProgramParameters::_findNamedConstantDefinition at ..\..\..\..\OgreMain\src\OgreGpuProgramParams.cpp (line 1709)
20:13:47: Compiler error: invalid parameters in DepthShadowmap.material(124): setting of constant failed
20:13:47: OGRE EXCEPTION(2:InvalidParametersException): Named constants have not been initialised, perhaps a compile error. in GpuProgramParameters::_findNamedConstantDefinition at ..\..\..\..\OgreMain\src\OgreGpuProgramParams.cpp (line 1709)
20:13:47: Compiler error: invalid parameters in DepthShadowmap.material(125): setting of constant failed
20:13:47: OGRE EXCEPTION(2:InvalidParametersException): Named constants have not been initialised, perhaps a compile error. in GpuProgramParameters::_findNamedConstantDefinition at ..\..\..\..\OgreMain\src\OgreGpuProgramParams.cpp (line 1709)
20:13:47: Compiler error: invalid parameters in DepthShadowmap.material(126): setting of constant failed
20:13:47: Parsing script Dither.material
20:13:47: Parsing script DOF.material
20:13:47: Parsing script DualQuaternion.material
20:13:47: Parsing script Embossed.material
20:13:47: Parsing script Example-Water.material
20:13:47: Parsing script Examples-Advanced.material
20:13:47: Compiler error: object unsupported by render system in Examples-Advanced.material(938): , Shader name: Examples/TextureArrayPSasm
20:13:47: Parsing script Examples-DynTex.material
20:13:47: Parsing script Examples-Water.material
20:13:47: Parsing script Examples.material
20:13:47: Parsing script facial.material
20:13:47: Parsing script Glass.material
20:13:47: Parsing script GLSLSwizzle.material
20:13:47: Parsing script Halftone.material
20:13:47: Parsing script hdr.material
20:13:47: OGRE EXCEPTION(6:FileNotFoundException): Cannot locate resource hdr.hlsl in resource group Popular or any other group. in ResourceGroupManager::openResource at ..\..\..\..\OgreMain\src\OgreResourceGroupManager.cpp (line 756)
20:13:47: High-level program Ogre/Compositor/HDR/downscale2x2LuminenceHLSL_fp encountered an error during loading and is thus not supported.
OGRE EXCEPTION(6:FileNotFoundException): Cannot locate resource hdr.hlsl in resource group Popular or any other group. in ResourceGroupManager::openResource at ..\..\..\..\OgreMain\src\OgreResourceGroupManager.cpp (line 756)
20:13:47: OGRE EXCEPTION(2:InvalidParametersException): Named constants have not been initialised, perhaps a compile error. in GpuProgramParameters::_findNamedConstantDefinition at ..\..\..\..\OgreMain\src\OgreGpuProgramParams.cpp (line 1709)
20:13:47: Compiler error: invalid parameters in hdr.material(40): setting of constant failed
20:13:47: OGRE EXCEPTION(6:FileNotFoundException): Cannot locate resource hdr.hlsl in resource group Popular or any other group. in ResourceGroupManager::openResource at ..\..\..\..\OgreMain\src\OgreResourceGroupManager.cpp (line 756)
20:13:47: High-level program Ogre/Compositor/HDR/downscale3x3HLSL_fp encountered an error during loading and is thus not supported.
OGRE EXCEPTION(6:FileNotFoundException): Cannot locate resource hdr.hlsl in resource group Popular or any other group. in ResourceGroupManager::openResource at ..\..\..\..\OgreMain\src\OgreResourceGroupManager.cpp (line 756)
20:13:47: OGRE EXCEPTION(2:InvalidParametersException): Named constants have not been initialised, perhaps a compile error. in GpuProgramParameters::_findNamedConstantDefinition at ..\..\..\..\OgreMain\src\OgreGpuProgramParams.cpp (line 1709)
20:13:47: Compiler error: invalid parameters in hdr.material(109): setting of constant failed
20:13:47: OGRE EXCEPTION(6:FileNotFoundException): Cannot locate resource hdr.hlsl in resource group Popular or any other group. in ResourceGroupManager::openResource at ..\..\..\..\OgreMain\src\OgreResourceGroupManager.cpp (line 756)
20:13:47: High-level program Ogre/Compositor/HDR/downscale3x3brightpassHLSL_fp encountered an error during loading and is thus not supported.
OGRE EXCEPTION(6:FileNotFoundException): Cannot locate resource hdr.hlsl in resource group Popular or any other group. in ResourceGroupManager::openResource at ..\..\..\..\OgreMain\src\OgreResourceGroupManager.cpp (line 756)
20:13:47: OGRE EXCEPTION(2:InvalidParametersException): Named constants have not been initialised, perhaps a compile error. in GpuProgramParameters::_findNamedConstantDefinition at ..\..\..\..\OgreMain\src\OgreGpuProgramParams.cpp (line 1709)
20:13:47: Compiler error: invalid parameters in hdr.material(188): setting of constant failed
20:13:47: OGRE EXCEPTION(6:FileNotFoundException): Cannot locate resource hdr.hlsl in resource group Popular or any other group. in ResourceGroupManager::openResource at ..\..\..\..\OgreMain\src\OgreResourceGroupManager.cpp (line 756)
20:13:47: High-level program Ogre/Compositor/HDR/bloomHLSL_fp encountered an error during loading and is thus not supported.
OGRE EXCEPTION(6:FileNotFoundException): Cannot locate resource hdr.hlsl in resource group Popular or any other group. in ResourceGroupManager::openResource at ..\..\..\..\OgreMain\src\OgreResourceGroupManager.cpp (line 756)
20:13:47: OGRE EXCEPTION(6:FileNotFoundException): Cannot locate resource hdr.hlsl in resource group Popular or any other group. in ResourceGroupManager::openResource at ..\..\..\..\OgreMain\src\OgreResourceGroupManager.cpp (line 756)
20:13:47: High-level program Ogre/Compositor/HDR/finaltonemappingHLSL_fp encountered an error during loading and is thus not supported.
OGRE EXCEPTION(6:FileNotFoundException): Cannot locate resource hdr.hlsl in resource group Popular or any other group. in ResourceGroupManager::openResource at ..\..\..\..\OgreMain\src\OgreResourceGroupManager.cpp (line 756)
20:13:47: Parsing script HeatVision.material
20:13:47: Parsing script Hurt.material
20:13:47: Parsing script HWInstancing.material
20:13:47: Parsing script HW_VTFInstancing.material
20:13:47: Parsing script HW_VTF_LUTInstancing.material
20:13:47: Parsing script instancing.material
20:13:47: Parsing script InstancingMisc.material
20:13:47: Parsing script Invert.material
20:13:47: Parsing script IsoSurf.material
20:13:47: Parsing script Laplace.material
20:13:47: Parsing script MotionBlur.material
20:13:47: Parsing script MRTtest.material
20:13:47: OGRE EXCEPTION(6:FileNotFoundException): Cannot locate resource mrttestfp.hlsl in resource group Popular or any other group. in ResourceGroupManager::openResource at ..\..\..\..\OgreMain\src\OgreResourceGroupManager.cpp (line 756)
20:13:47: High-level program Ogre/MRTtest/scenefp/HLSL encountered an error during loading and is thus not supported.
OGRE EXCEPTION(6:FileNotFoundException): Cannot locate resource mrttestfp.hlsl in resource group Popular or any other group. in ResourceGroupManager::openResource at ..\..\..\..\OgreMain\src\OgreResourceGroupManager.cpp (line 756)
20:13:47: OGRE EXCEPTION(6:FileNotFoundException): Cannot locate resource mrttestfp.hlsl in resource group Popular or any other group. in ResourceGroupManager::openResource at ..\..\..\..\OgreMain\src\OgreResourceGroupManager.cpp (line 756)
20:13:47: High-level program Ogre/MRTtest/quadfp/HLSL encountered an error during loading and is thus not supported.
OGRE EXCEPTION(6:FileNotFoundException): Cannot locate resource mrttestfp.hlsl in resource group Popular or any other group. in ResourceGroupManager::openResource at ..\..\..\..\OgreMain\src\OgreResourceGroupManager.cpp (line 756)
20:13:47: Parsing script NightVision.material
20:13:47: Parsing script Ocean.material
20:13:47: OGRE EXCEPTION(6:FileNotFoundException): Cannot locate resource oceanHLSL_Cg.vert in resource group Popular or any other group. in ResourceGroupManager::openResource at ..\..\..\..\OgreMain\src\OgreResourceGroupManager.cpp (line 756)
20:13:47: High-level program HLSL/OceanVS encountered an error during loading and is thus not supported.
OGRE EXCEPTION(6:FileNotFoundException): Cannot locate resource oceanHLSL_Cg.vert in resource group Popular or any other group. in ResourceGroupManager::openResource at ..\..\..\..\OgreMain\src\OgreResourceGroupManager.cpp (line 756)
20:13:47: OGRE EXCEPTION(2:InvalidParametersException): Named constants have not been initialised, perhaps a compile error. in GpuProgramParameters::_findNamedConstantDefinition at ..\..\..\..\OgreMain\src\OgreGpuProgramParams.cpp (line 1709)
20:13:47: Compiler error: invalid parameters in Ocean.material(10): setting of constant failed
20:13:47: OGRE EXCEPTION(2:InvalidParametersException): Named constants have not been initialised, perhaps a compile error. in GpuProgramParameters::_findNamedConstantDefinition at ..\..\..\..\OgreMain\src\OgreGpuProgramParams.cpp (line 1709)
20:13:47: Compiler error: invalid parameters in Ocean.material(11): setting of constant failed
20:13:47: OGRE EXCEPTION(2:InvalidParametersException): Named constants have not been initialised, perhaps a compile error. in GpuProgramParameters::_findNamedConstantDefinition at ..\..\..\..\OgreMain\src\OgreGpuProgramParams.cpp (line 1709)
20:13:47: Compiler error: invalid parameters in Ocean.material(12): setting of constant failed
20:13:47: OGRE EXCEPTION(2:InvalidParametersException): Named constants have not been initialised, perhaps a compile error. in GpuProgramParameters::_findNamedConstantDefinition at ..\..\..\..\OgreMain\src\OgreGpuProgramParams.cpp (line 1709)
20:13:47: Compiler error: invalid parameters in Ocean.material(13): setting of constant failed
20:13:47: OGRE EXCEPTION(6:FileNotFoundException): Cannot locate resource oceanHLSL_Cg.frag in resource group Popular or any other group. in ResourceGroupManager::openResource at ..\..\..\..\OgreMain\src\OgreResourceGroupManager.cpp (line 756)
20:13:47: High-level program HLSL/OceanFS encountered an error during loading and is thus not supported.
OGRE EXCEPTION(6:FileNotFoundException): Cannot locate resource oceanHLSL_Cg.frag in resource group Popular or any other group. in ResourceGroupManager::openResource at ..\..\..\..\OgreMain\src\OgreResourceGroupManager.cpp (line 756)
20:13:47: OGRE EXCEPTION(6:FileNotFoundException): Cannot locate resource Ocean2HLSL_Cg.vert in resource group Popular or any other group. in ResourceGroupManager::openResource at ..\..\..\..\OgreMain\src\OgreResourceGroupManager.cpp (line 756)
20:13:47: High-level program HLSL/Ocean2VS encountered an error during loading and is thus not supported.
OGRE EXCEPTION(6:FileNotFoundException): Cannot locate resource Ocean2HLSL_Cg.vert in resource group Popular or any other group. in ResourceGroupManager::openResource at ..\..\..\..\OgreMain\src\OgreResourceGroupManager.cpp (line 756)
20:13:47: OGRE EXCEPTION(2:InvalidParametersException): Named constants have not been initialised, perhaps a compile error. in GpuProgramParameters::_findNamedConstantDefinition at ..\..\..\..\OgreMain\src\OgreGpuProgramParams.cpp (line 1709)
20:13:47: Compiler error: invalid parameters in Ocean.material(327): setting of constant failed
20:13:47: OGRE EXCEPTION(2:InvalidParametersException): Named constants have not been initialised, perhaps a compile error. in GpuProgramParameters::_findNamedConstantDefinition at ..\..\..\..\OgreMain\src\OgreGpuProgramParams.cpp (line 1709)
20:13:47: Compiler error: invalid parameters in Ocean.material(328): setting of constant failed
20:13:47: OGRE EXCEPTION(6:FileNotFoundException): Cannot locate resource Ocean2HLSL_Cg.frag in resource group Popular or any other group. in ResourceGroupManager::openResource at ..\..\..\..\OgreMain\src\OgreResourceGroupManager.cpp (line 756)
20:13:47: High-level program HLSL/Ocean2FS encountered an error during loading and is thus not supported.
OGRE EXCEPTION(6:FileNotFoundException): Cannot locate resource Ocean2HLSL_Cg.frag in resource group Popular or any other group. in ResourceGroupManager::openResource at ..\..\..\..\OgreMain\src\OgreResourceGroupManager.cpp (line 756)
20:13:47: Parsing script OffsetMapping.material
20:13:47: OGRE EXCEPTION(6:FileNotFoundException): Cannot locate resource OffsetMapping.hlsl in resource group Popular or any other group. in ResourceGroupManager::openResource at ..\..\..\..\OgreMain\src\OgreResourceGroupManager.cpp (line 756)
20:13:47: High-level program Examples/OffsetMappingIntegratedShadowsVPhlsl encountered an error during loading and is thus not supported.
OGRE EXCEPTION(6:FileNotFoundException): Cannot locate resource OffsetMapping.hlsl in resource group Popular or any other group. in ResourceGroupManager::openResource at ..\..\..\..\OgreMain\src\OgreResourceGroupManager.cpp (line 756)
20:13:47: OGRE EXCEPTION(2:InvalidParametersException): Named constants have not been initialised, perhaps a compile error. in GpuProgramParameters::_findNamedConstantDefinition at ..\..\..\..\OgreMain\src\OgreGpuProgramParams.cpp (line 1709)
20:13:47: Compiler error: invalid parameters in OffsetMapping.material(437): setting of constant failed
20:13:47: OGRE EXCEPTION(2:InvalidParametersException): Named constants have not been initialised, perhaps a compile error. in GpuProgramParameters::_findNamedConstantDefinition at ..\..\..\..\OgreMain\src\OgreGpuProgramParams.cpp (line 1709)
20:13:47: Compiler error: invalid parameters in OffsetMapping.material(438): setting of constant failed
20:13:47: OGRE EXCEPTION(2:InvalidParametersException): Named constants have not been initialised, perhaps a compile error. in GpuProgramParameters::_findNamedConstantDefinition at ..\..\..\..\OgreMain\src\OgreGpuProgramParams.cpp (line 1709)
20:13:47: Compiler error: invalid parameters in OffsetMapping.material(439): setting of constant failed
20:13:47: OGRE EXCEPTION(2:InvalidParametersException): Named constants have not been initialised, perhaps a compile error. in GpuProgramParameters::_findNamedConstantDefinition at ..\..\..\..\OgreMain\src\OgreGpuProgramParams.cpp (line 1709)
20:13:47: Compiler error: invalid parameters in OffsetMapping.material(440): setting of constant failed
20:13:47: OGRE EXCEPTION(2:InvalidParametersException): Named constants have not been initialised, perhaps a compile error. in GpuProgramParameters::_findNamedConstantDefinition at ..\..\..\..\OgreMain\src\OgreGpuProgramParams.cpp (line 1709)
20:13:47: Compiler error: invalid parameters in OffsetMapping.material(442): setting of constant failed
20:13:47: OGRE EXCEPTION(2:InvalidParametersException): Named constants have not been initialised, perhaps a compile error. in GpuProgramParameters::_findNamedConstantDefinition at ..\..\..\..\OgreMain\src\OgreGpuProgramParams.cpp (line 1709)
20:13:47: Compiler error: invalid parameters in OffsetMapping.material(443): setting of constant failed
20:13:47: OGRE EXCEPTION(2:InvalidParametersException): Named constants have not been initialised, perhaps a compile error. in GpuProgramParameters::_findNamedConstantDefinition at ..\..\..\..\OgreMain\src\OgreGpuProgramParams.cpp (line 1709)
20:13:47: Compiler error: invalid parameters in OffsetMapping.material(445): setting of constant failed
20:13:47: OGRE EXCEPTION(2:InvalidParametersException): Named constants have not been initialised, perhaps a compile error. in GpuProgramParameters::_findNamedConstantDefinition at ..\..\..\..\OgreMain\src\OgreGpuProgramParams.cpp (line 1709)
20:13:47: Compiler error: invalid parameters in OffsetMapping.material(446): setting of constant failed
20:13:47: OGRE EXCEPTION(2:InvalidParametersException): Named constants have not been initialised, perhaps a compile error. in GpuProgramParameters::_findNamedConstantDefinition at ..\..\..\..\OgreMain\src\OgreGpuProgramParams.cpp (line 1709)
20:13:47: Compiler error: invalid parameters in OffsetMapping.material(447): setting of constant failed
20:13:47: OGRE EXCEPTION(6:FileNotFoundException): Cannot locate resource OffsetMapping.hlsl in resource group Popular or any other group. in ResourceGroupManager::openResource at ..\..\..\..\OgreMain\src\OgreResourceGroupManager.cpp (line 756)
20:13:47: High-level program Examples/OffsetMappingIntegratedShadowsFPhlsl encountered an error during loading and is thus not supported.
OGRE EXCEPTION(6:FileNotFoundException): Cannot locate resource OffsetMapping.hlsl in resource group Popular or any other group. in ResourceGroupManager::openResource at ..\..\..\..\OgreMain\src\OgreResourceGroupManager.cpp (line 756)
20:13:47: OGRE EXCEPTION(2:InvalidParametersException): Named constants have not been initialised, perhaps a compile error. in GpuProgramParameters::_findNamedConstantDefinition at ..\..\..\..\OgreMain\src\OgreGpuProgramParams.cpp (line 1709)
20:13:47: Compiler error: invalid parameters in OffsetMapping.material(453): setting of constant failed
20:13:47: OGRE EXCEPTION(2:InvalidParametersException): Named constants have not been initialised, perhaps a compile error. in GpuProgramParameters::_findNamedConstantDefinition at ..\..\..\..\OgreMain\src\OgreGpuProgramParams.cpp (line 1709)
20:13:47: Compiler error: invalid parameters in OffsetMapping.material(454): setting of constant failed
20:13:47: OGRE EXCEPTION(2:InvalidParametersException): Named constants have not been initialised, perhaps a compile error. in GpuProgramParameters::_findNamedConstantDefinition at ..\..\..\..\OgreMain\src\OgreGpuProgramParams.cpp (line 1709)
20:13:47: Compiler error: invalid parameters in OffsetMapping.material(456): setting of constant failed
20:13:47: OGRE EXCEPTION(2:InvalidParametersException): Named constants have not been initialised, perhaps a compile error. in GpuProgramParameters::_findNamedConstantDefinition at ..\..\..\..\OgreMain\src\OgreGpuProgramParams.cpp (line 1709)
20:13:47: Compiler error: invalid parameters in OffsetMapping.material(457): setting of constant failed
20:13:47: OGRE EXCEPTION(2:InvalidParametersException): Named constants have not been initialised, perhaps a compile error. in GpuProgramParameters::_findNamedConstantDefinition at ..\..\..\..\OgreMain\src\OgreGpuProgramParams.cpp (line 1709)
20:13:47: Compiler error: invalid parameters in OffsetMapping.material(459): setting of constant failed
20:13:47: Parsing script Ogre.material
20:13:47: Parsing script OldMovie.material
20:13:47: Parsing script OldTV.material
20:13:47: Parsing script ParticleGS.material
20:13:47: Parsing script Penguin.material
20:13:47: Parsing script Posterize.material
20:13:47: Parsing script pssm.material
20:13:47: Parsing script RadialBlur.material
20:13:47: Parsing script RasterizationOrder.material
20:13:47: Parsing script RZR-002.material
20:13:47: Parsing script ShaderInstancing.material
20:13:47: Parsing script ShaderSystem.material
20:13:47: Parsing script shadows.material
20:13:47: Parsing script SharpenEdges.material
20:13:47: OGRE EXCEPTION(6:FileNotFoundException): Cannot locate resource SharpenEdgesFP.cg in resource group Popular or any other group. in ResourceGroupManager::openResource at ..\..\..\..\OgreMain\src\OgreResourceGroupManager.cpp (line 756)
20:13:47: High-level program Ogre/Compositor/SharpenEdgesFP_ps_2_a encountered an error during loading and is thus not supported.
OGRE EXCEPTION(6:FileNotFoundException): Cannot locate resource SharpenEdgesFP.cg in resource group Popular or any other group. in ResourceGroupManager::openResource at ..\..\..\..\OgreMain\src\OgreResourceGroupManager.cpp (line 756)
20:13:47: OGRE EXCEPTION(2:InvalidParametersException): Named constants have not been initialised, perhaps a compile error. in GpuProgramParameters::_findNamedConstantDefinition at ..\..\..\..\OgreMain\src\OgreGpuProgramParams.cpp (line 1709)
20:13:47: Compiler error: invalid parameters in SharpenEdges.material(35): setting of constant failed
20:13:47: Parsing script sibenik.material
20:13:47: Parsing script smoke.material
20:13:47: Parsing script Tesselation.material
20:13:47: Parsing script Tiling.material
20:13:47: Parsing script VarianceShadowmap.material
20:13:47: Parsing script VTFInstancing.material
20:13:47: Parsing script deferreddemo.material
20:13:47: Parsing script deferred_post.material
20:13:47: Parsing script deferred_post_minilight.material
20:13:47: Parsing script ShadowCaster.material
20:13:47: Parsing script ssao.material
20:13:47: Parsing script ROOM.material
20:13:48: Parsing script DualQuaternionSkinning_Shadow.material
20:13:48: Parsing script HardwareSkinningShadow.material
20:13:48: Parsing script RTShaderSystem.material
20:13:48: Compiler error: unknown error in RTShaderSystem.material(23): token "rtshader_system" is not recognized
20:13:48: Compiler error: unknown error in RTShaderSystem.material(52): token "rtshader_system" is not recognized
20:13:48: Compiler error: unknown error in RTShaderSystem.material(81): token "rtshader_system" is not recognized
20:13:48: Compiler error: unknown error in RTShaderSystem.material(110): token "rtshader_system" is not recognized
20:13:48: Compiler error: unknown error in RTShaderSystem.material(146): token "rtshader_system" is not recognized
20:13:48: Compiler error: unknown error in RTShaderSystem.material(81): token "rtshader_system" is not recognized
20:13:48: Compiler error: unknown error in RTShaderSystem.material(162): token "rtshader_system" is not recognized
20:13:48: Compiler error: unknown error in RTShaderSystem.material(81): token "rtshader_system" is not recognized
20:13:48: Compiler error: unknown error in RTShaderSystem.material(110): token "rtshader_system" is not recognized
20:13:48: Compiler error: unknown error in RTShaderSystem.material(211): token "rtshader_system" is not recognized
20:13:48: Parsing script TriplanarTexturing.material
20:13:48: Compiler error: unknown error in TriplanarTexturing.material(9): token "rtshader_system" is not recognized
20:13:48: Parsing script CreaseShading.material
20:13:48: Parsing script Crytek.material
20:13:48: Parsing script GBuffer.material
20:13:48: Parsing script HemisphereMC.material
20:13:48: Parsing script HorizonBased.material
20:13:48: Parsing script Modulate.material
20:13:48: Parsing script ShowDepth.material
20:13:48: Parsing script ShowNormals.material
20:13:48: Parsing script ShowViewPos.material
20:13:48: Parsing script SSAOPost.material
20:13:48: Parsing script UnsharpMask.material
20:13:48: Parsing script Volumetric.material
20:13:48: Parsing script triplanarReference.material
20:13:48: Parsing script RomanBath.material
20:13:48: Parsing script Sinbad.material
20:13:48: Parsing script emitted_emitter.particle
20:13:48: Parsing script Examples-Water.particle
20:13:48: Parsing script Examples.particle
20:13:48: Parsing script smoke.particle
20:13:48: Parsing script Examples.compositor
20:13:48: Parsing script deferred.compositor
20:13:48: Parsing script ssao.compositor
20:13:48: Parsing script SSAO.compositor
20:13:48: Parsing script SSAOPost.compositor
20:13:48: Finished parsing scripts for resource group Popular
20:13:48: Creating resources for group Popular
20:13:48: All done
20:13:48: Parsing scripts for resource group Tests
20:13:48: Finished parsing scripts for resource group Tests
20:13:48: Creating resources for group Tests
20:13:48: All done
20:13:48: Texture: checker.png: Loading 1 faces(PF_R8G8B8,128x128x1) Internal format is PF_X8R8G8B8,128x128x1.
20:13:48: Mesh: Loading cube.mesh.
20:13:58: Unloading resource group General
20:13:58: Finished unloading resource group General
